[debug] [2018-12-20T15:40:31.526Z] ----------------------------------------------------------------------
[debug] [2018-12-20T15:40:31.530Z] Command:       C:\Program Files\nodejs\node.exe C:\Users\Prashul\AppData\Roaming\npm\node_modules\firebase-tools\lib\bin\firebase.js init
[debug] [2018-12-20T15:40:31.530Z] CLI Version:   6.1.2
[debug] [2018-12-20T15:40:31.530Z] Platform:      win32
[debug] [2018-12-20T15:40:31.530Z] Node Version:  v10.2.1
[debug] [2018-12-20T15:40:31.530Z] Time:          Thu Dec 20 2018 21:10:31 GMT+0530 (India Standard Time)
[debug] [2018-12-20T15:40:31.531Z] ----------------------------------------------------------------------
[debug] 
[debug] [2018-12-20T15:40:31.545Z] > command requires scopes: ["email","openid","https://www.googleapis.com/auth/cloudplatformprojects.readonly","https://www.googleapis.com/auth/firebase","https://www.googleapis.com/auth/cloud-platform"]
[debug] [2018-12-20T15:40:31.546Z] > authorizing via signed-in user
[info] 
     ######## #### ########  ######## ########     ###     ######  ########
     ##        ##  ##     ## ##       ##     ##  ##   ##  ##       ##
     ######    ##  ########  ######   ########  #########  ######  ######
     ##        ##  ##    ##  ##       ##     ## ##     ##       ## ##
     ##       #### ##     ## ######## ########  ##     ##  ######  ########

You're about to initialize a Firebase project in this directory:

  D:\X\react complete\marioplan

[info] 
=== Project Setup
[info] 
[info] First, let's associate this project directory with a Firebase project.
[info] You can create multiple project aliases by running firebase use --add, 
[info] but for now we'll just set up a default project.
[info] 
[debug] [2018-12-20T15:42:13.462Z] > refreshing access token with scopes: ["email","https://www.googleapis.com/auth/cloud-platform","https://www.googleapis.com/auth/cloudplatformprojects.readonly","https://www.googleapis.com/auth/firebase","openid"]
[debug] [2018-12-20T15:42:13.462Z] >>> HTTP REQUEST POST https://www.googleapis.com/oauth2/v3/token  
 <request body omitted>
[debug] [2018-12-20T15:42:14.118Z] <<< HTTP RESPONSE 200
[debug] [2018-12-20T15:42:14.185Z] >>> HTTP REQUEST GET https://firebase.googleapis.com/v1beta1/projects?page_size=100  
 
[debug] [2018-12-20T15:42:16.182Z] <<< HTTP RESPONSE 200
[info] i  Using project xpjain-marioplan (xpJain-marioplan)
[info] 
=== Functions Setup
[info] 
[info] A functions directory will be created in your project with a Node.js
[info] package pre-configured. Functions can be deployed with firebase deploy.
[info] 
[debug] [2018-12-20T15:42:32.348Z] > command requires scopes: ["email","openid","https://www.googleapis.com/auth/cloudplatformprojects.readonly","https://www.googleapis.com/auth/firebase","https://www.googleapis.com/auth/cloud-platform"]
[debug] [2018-12-20T15:42:32.358Z] > authorizing via signed-in user
[debug] [2018-12-20T15:42:32.371Z] >>> HTTP REQUEST GET https://firebase.googleapis.com/v1beta1/projects/xpjain-marioplan  
 
[debug] [2018-12-20T15:42:33.026Z] <<< HTTP RESPONSE 200
[debug] [2018-12-20T15:42:33.038Z] >>> HTTP REQUEST PATCH https://servicemanagement.googleapis.com/v1/services/cloudfunctions.googleapis.com/projectSettings/xpjain-marioplan?updateMask=usageSettings  

[debug] [2018-12-20T15:42:33.042Z] >>> HTTP REQUEST PATCH https://servicemanagement.googleapis.com/v1/services/runtimeconfig.googleapis.com/projectSettings/xpjain-marioplan?updateMask=usageSettings  

[debug] [2018-12-20T15:42:36.217Z] <<< HTTP RESPONSE 200
[debug] [2018-12-20T15:42:36.218Z] <<< HTTP RESPONSE 200
[info] +  Wrote functions/package.json
[info] +  Wrote functions/.eslintrc.json
[info] +  Wrote functions/index.js
[info] 
=== Hosting Setup
[info] 
[info] Your public directory is the folder (relative to your project directory) that
[info] will contain Hosting assets to be uploaded with firebase deploy. If you
[info] have a build process for your assets, use your build's output directory.
[info] 
